This file contains any messages produced by compilers while
running configure, to aid debugging if configure makes a mistake.

It was created by configure, which was
generated by GNU Autoconf 2.52.  Invocation command line was

  $ ../configure 

## ---------- ##
## Platform.  ##
## ---------- ##

hostname = vmware.masq.in-berlin.de
uname -m = i386
uname -r = 4.2-RELEASE
uname -s = FreeBSD
uname -v = FreeBSD 4.2-RELEASE #0: Mon Nov 20 13:02:55 GMT 2000     jkh@bento.FreeBSD.org:/usr/src/sys/compile/GENERIC 

/usr/bin/uname -p = i386
/bin/uname -X     = unknown

/bin/arch              = unknown
/usr/bin/arch -k       = unknown
/usr/convex/getsysinfo = unknown
hostinfo               = unknown
/bin/machine           = unknown
/usr/bin/oslevel       = unknown
/bin/universe          = unknown

PATH = /sbin:/bin:/usr/sbin:/usr/bin:/usr/games:/usr/local/sbin:/usr/local/bin:/usr/X11R6/bin:/home/kraxel/bin

## ------------ ##
## Core tests.  ##
## ------------ ##

configure:929: PATH=".;."; conftest.sh
conftest.sh: not found
configure:932: $? = 127
configure:1022: checking for gcc
configure:1037: found /usr/bin/gcc
configure:1045: result: gcc
configure:1273: checking for C compiler version
configure:1276: gcc --version </dev/null >&5
2.95.3
configure:1279: $? = 0
configure:1281: gcc -v </dev/null >&5
Using builtin specs.
gcc version 2.95.3 20010315 (release) [FreeBSD]
configure:1284: $? = 0
configure:1286: gcc -V </dev/null >&5
gcc: argument to `-V' is missing
configure:1289: $? = 1
configure:1309: checking for C compiler default output
configure:1312: gcc    conftest.c  >&5
configure:1315: $? = 0
configure:1344: result: a.out
configure:1349: checking whether the C compiler works
configure:1355: ./a.out
configure:1358: $? = 0
configure:1373: result: yes
configure:1380: checking whether we are cross compiling
configure:1382: result: no
configure:1385: checking for executable suffix
configure:1387: gcc -o conftest    conftest.c  >&5
configure:1390: $? = 0
configure:1412: result: 
configure:1418: checking for object suffix
configure:1436: gcc -c   conftest.c >&5
configure:1439: $? = 0
configure:1458: result: o
configure:1462: checking whether we are using the GNU C compiler
configure:1483: gcc -c   conftest.c >&5
configure:1486: $? = 0
configure:1489: test -s conftest.o
configure:1492: $? = 0
configure:1504: result: yes
configure:1510: checking whether gcc accepts -g
configure:1528: gcc -c -g  conftest.c >&5
configure:1531: $? = 0
configure:1534: test -s conftest.o
configure:1537: $? = 0
configure:1547: result: yes
configure:1574: gcc -c -g -O2  conftest.c >&5
conftest.c:2: syntax error before `me'
configure:1577: $? = 1
configure: failed program was:
#ifndef __cplusplus
  choke me
#endif
configure:1680: checking how to run the C preprocessor
configure:1706: gcc -E  conftest.c
configure:1712: $? = 0
configure:1739: gcc -E  conftest.c
configure:1736: ac_nonexistent.h: No such file or directory
configure:1745: $? = 1
configure: failed program was:
#line 1735 "configure"
#include "confdefs.h"
#include <ac_nonexistent.h>
configure:1782: result: gcc -E
configure:1797: gcc -E  conftest.c
configure:1803: $? = 0
configure:1830: gcc -E  conftest.c
configure:1827: ac_nonexistent.h: No such file or directory
configure:1836: $? = 1
configure: failed program was:
#line 1826 "configure"
#include "confdefs.h"
#include <ac_nonexistent.h>
configure:1912: checking for a BSD compatible install
configure:1961: result: /usr/bin/install -c
configure:1976: checking for gccmakedep
configure:2002: result: no
configure:1976: checking for makedepend
configure:2002: result: no
configure:2053: checking for endian.h
configure:2063: gcc -E  conftest.c
configure:2060: endian.h: No such file or directory
configure:2069: $? = 1
configure: failed program was:
#line 2059 "configure"
#include "confdefs.h"
#include <endian.h>
configure:2088: result: no
configure:2053: checking for getopt.h
configure:2063: gcc -E  conftest.c
configure:2060: getopt.h: No such file or directory
configure:2069: $? = 1
configure: failed program was:
#line 2059 "configure"
#include "confdefs.h"
#include <getopt.h>
configure:2088: result: no
configure:2053: checking for soundcard.h
configure:2063: gcc -E  conftest.c
configure:2060: soundcard.h: No such file or directory
configure:2069: $? = 1
configure: failed program was:
#line 2059 "configure"
#include "confdefs.h"
#include <soundcard.h>
configure:2088: result: no
configure:2053: checking for sys/soundcard.h
configure:2063: gcc -E  conftest.c
configure:2069: $? = 0
configure:2088: result: yes
configure:2053: checking for alsa/asoundlib.h
configure:2063: gcc -E  conftest.c
configure:2060: alsa/asoundlib.h: No such file or directory
configure:2069: $? = 1
configure: failed program was:
#line 2059 "configure"
#include "confdefs.h"
#include <alsa/asoundlib.h>
configure:2088: result: no
configure:2053: checking for linux/joystick.h
configure:2063: gcc -E  conftest.c
configure:2060: linux/joystick.h: No such file or directory
configure:2069: $? = 1
configure: failed program was:
#line 2059 "configure"
#include "confdefs.h"
#include <linux/joystick.h>
configure:2088: result: no
configure:2053: checking for dev/ic/bt8xx.h
configure:2063: gcc -E  conftest.c
configure:2060: dev/ic/bt8xx.h: No such file or directory
configure:2069: $? = 1
configure: failed program was:
#line 2059 "configure"
#include "confdefs.h"
#include <dev/ic/bt8xx.h>
configure:2088: result: no
configure:2053: checking for machine/ioctl_bt848.h
configure:2063: gcc -E  conftest.c
configure:2069: $? = 0
configure:2088: result: yes
configure:2101: checking for ftello
configure:2138: gcc -o conftest -g -O2 -I/usr/local/include -L/usr/local/lib   conftest.c  >&5
configure:2141: $? = 0
configure:2144: test -s conftest
configure:2147: $? = 0
configure:2157: result: yes
configure:2101: checking for fseeko
configure:2138: gcc -o conftest -g -O2 -I/usr/local/include -L/usr/local/lib   conftest.c  >&5
configure:2141: $? = 0
configure:2144: test -s conftest
configure:2147: $? = 0
configure:2157: result: yes
configure:2101: checking for getpt
configure:2138: gcc -o conftest -g -O2 -I/usr/local/include -L/usr/local/lib   conftest.c  >&5
/tmp/ccrOzzhZ.o: In function `main':
/home/kraxel/debian/xawtv-3.74/fb/configure(.text+0x9): undefined reference to `getpt'
configure:2141: $? = 1
configure: failed program was:
#line 2107 "configure"
#include "confdefs.h"
/* System header to define __stub macros and hopefully few prototypes,
    which can conflict with char getpt (); below.  */
#include <assert.h>
/* Override any gcc2 internal prototype to avoid an error.  */
#ifdef __cplusplus
extern "C"
#endif
/* We use char because int might match the return type of a gcc2
   builtin and then its argument prototype would still apply.  */
char getpt ();
char (*f) ();

int
main ()
{
/* The GNU C library defines this for functions which it implements
    to always fail with ENOSYS.  Some functions are actually named
    something starting with __ and the normal name is an alias.  */
#if defined (__stub_getpt) || defined (__stub___getpt)
choke me
#else
f = getpt;
#endif

  ;
  return 0;
}
configure:2157: result: no
configure:2101: checking for getnameinfo
configure:2138: gcc -o conftest -g -O2 -I/usr/local/include -L/usr/local/lib   conftest.c  >&5
configure:2141: $? = 0
configure:2144: test -s conftest
configure:2147: $? = 0
configure:2157: result: yes
configure:2101: checking for getopt_long
configure:2138: gcc -o conftest -g -O2 -I/usr/local/include -L/usr/local/lib   conftest.c  >&5
/tmp/ccM4iIme.o: In function `main':
/home/kraxel/debian/xawtv-3.74/fb/configure(.text+0x9): undefined reference to `getopt_long'
configure:2141: $? = 1
configure: failed program was:
#line 2107 "configure"
#include "confdefs.h"
/* System header to define __stub macros and hopefully few prototypes,
    which can conflict with char getopt_long (); below.  */
#include <assert.h>
/* Override any gcc2 internal prototype to avoid an error.  */
#ifdef __cplusplus
extern "C"
#endif
/* We use char because int might match the return type of a gcc2
   builtin and then its argument prototype would still apply.  */
char getopt_long ();
char (*f) ();

int
main ()
{
/* The GNU C library defines this for functions which it implements
    to always fail with ENOSYS.  Some functions are actually named
    something starting with __ and the normal name is an alias.  */
#if defined (__stub_getopt_long) || defined (__stub___getopt_long)
choke me
#else
f = getopt_long;
#endif

  ;
  return 0;
}
configure:2157: result: no
configure:2101: checking for strcasestr
configure:2138: gcc -o conftest -g -O2 -I/usr/local/include -L/usr/local/lib   conftest.c  >&5
/tmp/ccVGr2Sj.o: In function `main':
/home/kraxel/debian/xawtv-3.74/fb/configure(.text+0x9): undefined reference to `strcasestr'
configure:2141: $? = 1
configure: failed program was:
#line 2107 "configure"
#include "confdefs.h"
/* System header to define __stub macros and hopefully few prototypes,
    which can conflict with char strcasestr (); below.  */
#include <assert.h>
/* Override any gcc2 internal prototype to avoid an error.  */
#ifdef __cplusplus
extern "C"
#endif
/* We use char because int might match the return type of a gcc2
   builtin and then its argument prototype would still apply.  */
char strcasestr ();
char (*f) ();

int
main ()
{
/* The GNU C library defines this for functions which it implements
    to always fail with ENOSYS.  Some functions are actually named
    something starting with __ and the normal name is an alias.  */
#if defined (__stub_strcasestr) || defined (__stub___strcasestr)
choke me
#else
f = strcasestr;
#endif

  ;
  return 0;
}
configure:2157: result: no
configure:2101: checking for dlopen
configure:2138: gcc -o conftest -g -O2 -I/usr/local/include -L/usr/local/lib   conftest.c  >&5
configure:2141: $? = 0
configure:2144: test -s conftest
configure:2147: $? = 0
configure:2157: result: yes
configure:2223: checking for ELF
configure:2226: result: yes
configure:2234: checking for pthread_create in -lpthread
configure:2261: gcc -o conftest -g -O2 -I/usr/local/include -L/usr/local/lib   conftest.c -lpthread   >&5
/usr/libexec/elf/ld: cannot find -lpthread
configure:2264: $? = 1
configure: failed program was:
#line 2242 "configure"
#include "confdefs.h"

/* Override any gcc2 internal prototype to avoid an error.  */
#ifdef __cplusplus
extern "C"
#endif
/* We use char because int might match the return type of a gcc2
   builtin and then its argument prototype would still apply.  */
char pthread_create ();
int
main ()
{
pthread_create ();
  ;
  return 0;
}
configure:2281: result: no
configure:2288: checking for pthread_create in -lc_r
configure:2315: gcc -o conftest -g -O2 -I/usr/local/include -L/usr/local/lib   conftest.c -lc_r   >&5
/usr/lib/libc.so: WARNING!  setkey(3) not present in the system!
/usr/lib/libc.so: warning: this program uses gets(), which is unsafe.
/usr/lib/libc.so: warning: mktemp() possibly used unsafely; consider using mkstemp()
/usr/lib/libc.so: WARNING!  des_setkey(3) not present in the system!
/usr/lib/libc.so: WARNING!  encrypt(3) not present in the system!
/usr/lib/libc.so: warning: tmpnam() possibly used unsafely; consider using mkstemp()
/usr/lib/libc.so: warning: this program uses f_prealloc(), which is not recommended.
/usr/lib/libc.so: WARNING!  des_cipher(3) not present in the system!
/usr/lib/libc.so: warning: tempnam() possibly used unsafely; consider using mkstemp()
configure:2318: $? = 0
configure:2321: test -s conftest
configure:2324: $? = 0
configure:2335: result: yes
configure:2342: checking for main in -lossaudio
configure:2362: gcc -o conftest -g -O2 -I/usr/local/include -L/usr/local/lib   conftest.c -lossaudio   >&5
/usr/libexec/elf/ld: cannot find -lossaudio
configure:2365: $? = 1
configure: failed program was:
#line 2350 "configure"
#include "confdefs.h"

int
main ()
{
main ();
  ;
  return 0;
}
configure:2382: result: no
configure:2388: checking for initscr in -lncurses
configure:2415: gcc -o conftest -g -O2 -I/usr/local/include -L/usr/local/lib   conftest.c -lncurses   >&5
configure:2418: $? = 0
configure:2421: test -s conftest
configure:2424: $? = 0
configure:2435: result: yes
configure:2503: checking for X
configure:2604: gcc -E  conftest.c
configure:2601: X11/Intrinsic.h: No such file or directory
configure:2610: $? = 1
configure: failed program was:
#line 2600 "configure"
#include "confdefs.h"
#include <X11/Intrinsic.h>
configure:2655: gcc -o conftest -g -O2 -I/usr/local/include -L/usr/local/lib   conftest.c -lXt  >&5
configure:2644: X11/Intrinsic.h: No such file or directory
configure:2658: $? = 1
configure: failed program was:
#line 2643 "configure"
#include "confdefs.h"
#include <X11/Intrinsic.h>
int
main ()
{
XtMalloc (0)
  ;
  return 0;
}
configure:2702: result: no
configure:3586: checking for jpeg_start_compress in -ljpeg
configure:3613: gcc -o conftest -g -O2 -I/usr/local/include -L/usr/local/lib   conftest.c -ljpeg   >&5
/usr/libexec/elf/ld: cannot find -ljpeg
configure:3616: $? = 1
configure: failed program was:
#line 3594 "configure"
#include "confdefs.h"

/* Override any gcc2 internal prototype to avoid an error.  */
#ifdef __cplusplus
extern "C"
#endif
/* We use char because int might match the return type of a gcc2
   builtin and then its argument prototype would still apply.  */
char jpeg_start_compress ();
int
main ()
{
jpeg_start_compress ();
  ;
  return 0;
}
configure:3633: result: no

## ----------------- ##
## Cache variables.  ##
## ----------------- ##

ac_cv_func_fseeko='yes'
ac_cv_func_getopt_long='no'
ac_cv_func_dlopen='yes'
ac_cv_prog_cc_g='yes'
ac_cv_env_LDFLAGS_set=''
ac_cv_path_install='/usr/bin/install -c'
ac_cv_c_compiler_gnu='yes'
ac_cv_env_CFLAGS_set=''
ac_cv_lib_ossaudio_main='no'
ac_cv_func_ftello='yes'
ac_cv_env_CPP_value=''
ac_cv_env_CPPFLAGS_set=''
ac_cv_header_soundcard_h='no'
ac_cv_env_host_alias_set=''
ac_cv_lib_jpeg_jpeg_start_compress='no'
ac_cv_header_alsa_asoundlib_h='no'
ac_cv_env_build_alias_set=''
ac_cv_lib_ncurses_initscr='yes'
ac_cv_env_LDFLAGS_value=''
ac_cv_env_target_alias_set=''
ac_cv_header_getopt_h='no'
ac_cv_env_CFLAGS_value=''
ac_cv_env_CC_set=''
ac_cv_have_x='have_x=no'
ac_cv_func_getnameinfo='yes'
ac_cv_header_machine_ioctl_bt848_h='yes'
ac_cv_header_endian_h='no'
ac_cv_lib_c_r_pthread_create='yes'
ac_cv_env_CPPFLAGS_value=''
ac_cv_env_host_alias_value=''
ac_cv_func_getpt='no'
ac_cv_header_sys_soundcard_h='yes'
ac_cv_lib_pthread_pthread_create='no'
ac_cv_prog_CPP='gcc -E'
ac_cv_env_build_alias_value=''
ac_cv_prog_ac_ct_CC='gcc'
ac_cv_env_target_alias_value=''
ac_cv_env_CC_value=''
ac_cv_env_CPP_set=''
ac_cv_func_strcasestr='no'
ac_cv_header_dev_ic_bt8xx_h='no'
ac_cv_header_linux_joystick_h='no'
ac_cv_objext='o'

## ------------ ##
## confdefs.h.  ##
## ------------ ##

#define HAVE_SOCKADDR_STORAGE 1
#define HAVE_SYS_SOUNDCARD_H 1
#define HAVE_MACHINE_IOCTL_BT848_H 1
#define HAVE_FTELLO 1
#define HAVE_FSEEKO 1
#define HAVE_GETNAMEINFO 1
#define HAVE_DLOPEN 1
#define X_DISPLAY_MISSING 1


configure: exit 1
